<?xml version="1.0" encoding="UTF-8"?>
<!-- Generated by org.testng.reporters.JUnitReportReporter -->
<testsuite skipped="0" hostname="Racherla" name="testcases.TestB" tests="1" failures="0" timestamp="02 Dec 2017 19:34:46 GMT" time="0.020" errors="0">
  <testcase name="testB" time="0.020" classname="testcases.TestB"/>
</testsuite> <!-- testcases.TestB -->
