<?xml version="1.0" encoding="UTF-8"?>
<!-- Generated by org.testng.reporters.JUnitReportReporter -->
<testsuite skipped="0" hostname="Racherla" name="testcases.TestC" tests="1" failures="0" timestamp="02 Dec 2017 19:42:00 GMT" time="0.016" errors="0">
  <testcase name="loginTest" time="0.016" classname="testcases.TestC"/>
</testsuite> <!-- testcases.TestC -->
