<?xml version="1.0" encoding="UTF-8"?>
<!-- Generated by org.testng.reporters.JUnitReportReporter -->
<testsuite skipped="0" hostname="Racherla" name="com.crm.qa.testcases.ContactsPageTest" tests="3" failures="0" timestamp="29 Jan 2018 02:05:40 GMT" time="49.656" errors="0">
  <testcase name="verifyContactsPageLabel" time="12.728" classname="com.crm.qa.testcases.ContactsPageTest"/>
  <testcase name="validateCreateNewContact" time="18.773" classname="com.crm.qa.testcases.ContactsPageTest"/>
  <testcase name="validateCreateNewContact" time="18.155" classname="com.crm.qa.testcases.ContactsPageTest"/>
</testsuite> <!-- com.crm.qa.testcases.ContactsPageTest -->
