<?xml version="1.0" encoding="UTF-8"?>
<!-- Generated by org.testng.reporters.JUnitReportReporter -->
<testsuite skipped="0" hostname="Racherla" name="com.crm.qa.testcases.LoginPageTest" tests="3" failures="0" timestamp="29 Jan 2018 02:05:40 GMT" time="34.866" errors="0">
  <testcase name="loginPageTitleTest" time="11.864" classname="com.crm.qa.testcases.LoginPageTest"/>
  <testcase name="crmLogoImageTest" time="7.056" classname="com.crm.qa.testcases.LoginPageTest"/>
  <testcase name="loginTest" time="15.946" classname="com.crm.qa.testcases.LoginPageTest"/>
</testsuite> <!-- com.crm.qa.testcases.LoginPageTest -->
