<?xml version="1.0" encoding="UTF-8"?>
<!-- Generated by org.testng.reporters.JUnitReportReporter -->
<testsuite skipped="0" hostname="Racherla" name="com.crm.qa.testcases.HomePageTest" tests="3" failures="0" timestamp="29 Jan 2018 02:05:40 GMT" time="38.750" errors="0">
  <testcase name="verifyHomePageTitleTest" time="14.432" classname="com.crm.qa.testcases.HomePageTest"/>
  <testcase name="verifyUserNameTest" time="11.395" classname="com.crm.qa.testcases.HomePageTest"/>
  <testcase name="verifyContactsLinkTest" time="12.923" classname="com.crm.qa.testcases.HomePageTest"/>
</testsuite> <!-- com.crm.qa.testcases.HomePageTest -->
